
	            G L O B A L   R E F E R E N C E S

	             Name               Value        Type
	==============================|=======|===============
	CR                               000A         CONSTANT
	TIMER_COUNTER                    FFF6         CONSTANT
	ACTIVATE_TIMER                   FFF7         CONSTANT
	FIM_TEXTO                        0040         CONSTANT
	IO_READ                          FFFF         CONSTANT
	IO_WRITE                         FFFE         CONSTANT
	IO_STATUS                        FFFD         CONSTANT
	INITIAL_SP                       FDFF         CONSTANT
	CURSOR                           FFFC         CONSTANT
	CURSOR_INIT                      FFFF         CONSTANT
	ROW_POSITION                     0000         CONSTANT
	COL_POSITION                     0000         CONSTANT
	ROW_SHIFT                        0008         CONSTANT
	COLUMN_SHIFT                     0008         CONSTANT
	BASE_ASCII                       0030         CONSTANT
	COLUNA_CENTENA_PONTOS            004B         CONSTANT
	COLUNA_COMECO_BARRA              0022         CONSTANT
	COLUNA_DEZENA_PONTOS             004C         CONSTANT
	COLUNA_MENSAGEM_FIM_JOGO         001C         CONSTANT
	COLUNA_UNIDADE_PONTOS            004D         CONSTANT
	COORDENADA_INICIAL_X_BOLA        0028         CONSTANT
	COORDENADA_INICIAL_Y_BOLA        0011         CONSTANT
	LINHA_LABEL_MENU                 0001         CONSTANT
	LINHA_MENSAGEM_FIM_JOGO          0012         CONSTANT
	POSICAO_LINHA_BARRA              0015         CONSTANT
	QUANTIDADE_BLOCOS                0116         CONSTANT
	QUANTIDADE_CARACTERES_LINHA      0050         CONSTANT
	TAMANHO_BARRA                    000C         CONSTANT
	TEMPO_DE_ATUALIZACAO             0001         CONSTANT
	argumento_char_Printchar         8000         VARIABLE
	argumento_pos_coluna_Printbarra   8001         VARIABLE
	argumento_pos_coluna_Printchar   8002         VARIABLE
	argumento_pos_coluna_Printstr    8003         VARIABLE
	argumento_pos_linha_Printbarra   8004         VARIABLE
	argumento_pos_linha_Printchar    8005         VARIABLE
	argumento_pos_linha_Printstr     8006         VARIABLE
	argumento_string_Printmenu       8007         VARIABLE
	argumento_string_Printstr        8008         VARIABLE
	bola                             8009         VARIABLE
	mensagem_derrota                 800A           STRING
	mensagem_vitoria                 8025           STRING
	movimentacao_X_bola              8040         VARIABLE
	movimentacao_Y_bola              8041         VARIABLE
	posicao_anterior_X_bola          8042         VARIABLE
	posicao_anterior_Y_bola          8043         VARIABLE
	posicao_atual_X_bola             8044         VARIABLE
	posicao_atual_Y_bola             8045         VARIABLE
	posicao_fim_barra                8046         VARIABLE
	posicao_inicio_barra             8047         VARIABLE
	posicao_mostrador_vidas          8048         VARIABLE
	quantidade_blocos_destruidos     8049         VARIABLE
	tamanho_pedaco_barra             804A         VARIABLE
	vidas                            804B         VARIABLE
	Line1                            804C           STRING
	Line2                            809C           STRING
	Line3                            80EC           STRING
	Line4                            813C           STRING
	Line5                            818C           STRING
	Line6                            81DC           STRING
	Line7                            822C           STRING
	Line8                            827C           STRING
	Line9                            82CC           STRING
	Line10                           831C           STRING
	Line11                           836C           STRING
	Line12                           83BC           STRING
	Line13                           840C           STRING
	Line14                           845C           STRING
	Line15                           84AC           STRING
	Line16                           84FC           STRING
	Line17                           854C           STRING
	Line18                           859C           STRING
	Line19                           85EC           STRING
	Line20                           863C           STRING
	Line21                           868C           STRING
	Line22                           86DC           STRING
	Line23                           872C           STRING
	Line24                           877C           STRING
	INT0                             FE00         VARIABLE
	INT1                             FE01         VARIABLE
	INT2                             FE02         VARIABLE
	INT3                             FE03         VARIABLE
	INT4                             FE04         VARIABLE
	INT15                            FE0F         VARIABLE
	movimenta_barra_esquerda         0002            LABEL
	final_if_movimenta_barra_esquerda   0025            LABEL
	movimenta_barra_direita          0028            LABEL
	final_if_movimenta_barra_direita   004D            LABEL
	movimento_longo_barra_esquerda   0050            LABEL
	final_if_movimento_longo_barra_esquerda   0090            LABEL
	movimento_longo_barra_direita    0093            LABEL
	final_if_movimento_longo_barra_direita   00D3            LABEL
	Printchar                        00D6            LABEL
	Printstr                         00E7            LABEL
	loop_Printstr                    00F3            LABEL
	fim_loop_Printstr                0100            LABEL
	Printbarra                       0105            LABEL
	loop_Printbarra                  011B            LABEL
	fim_loop_Printbarra              0126            LABEL
	Limpabarra                       0133            LABEL
	loop_Limpabarra                  0140            LABEL
	fim_loop_Limpabarra              014B            LABEL
	Printmenu                        0150            LABEL
	loop_Printmenu                   015E            LABEL
	proxima_linha_Printmenu          016B            LABEL
	fim_loop_Printmenu               0175            LABEL
	DisplayPontos                    017C            LABEL
	SetTimer                         01AE            LABEL
	Timer                            01B9            LABEL
	fim_if_colisao_bloco_vertical    01FD            LABEL
	fim_if_colisao_bloco_horizontal   0230            LABEL
	fim_if_colisao_bloco_diagonal    0272            LABEL
	continua_jogo_not_ganhador       028A            LABEL
	fim_if_correcao_esquerda_barra   02AD            LABEL
	fim_if_colisao_esquerda_barra    02BE            LABEL
	fim_if_correcao_direita_barra    02D0            LABEL
	fim_if_colisao_direita_barra     02E1            LABEL
	fim_if_colisao_barra             02FC            LABEL
	fim_if_colisao_parede_esquerda   0313            LABEL
	fim_if_colisao_parede_direita    032A            LABEL
	fim_if_colisao_teto              0341            LABEL
	continua_jogo                    035E            LABEL
	fim_if_colisao_chao              038C            LABEL
	StartGame                        03AF            LABEL
	Main                             03B2            LABEL
	Cycle                            03CD            LABEL
	Halt                             03CE            LABEL
